2017-01-24 17:42:30 - MOD: Modification Default

FILE: system/engine/action.php
REGEX: ~(require|include)(_once)?\(([^)]+)~
LINE: 41

FILE: system/engine/loader.php
REGEX: ~(require|include)(_once)?\(([^)]+)~
LINE: 49
LINE: 108
LINE: 120
LINE: 165

FILE: system/library/config.php
REGEX: ~(require|include)(_once)?\(([^)]+)~
LINE: 23

FILE: system/library/language.php
REGEX: ~(require|include)(_once)?\(([^)]+)~
LINE: 38
LINE: 40
LINE: 49
LINE: 51
LINE: 60
LINE: 62

FILE: system/library/template/php.php
REGEX: ~(require|include)(_once)?\(([^)]+)~
LINE: 18

FILE: system/library/template/tiwg.php
REGEX: ~(require|include)(_once)?\(([^)]+)~
LINE: 24
----------------------------------------------------------------
2017-01-24 17:42:36 - MOD: Modification Default

FILE: system/engine/action.php
REGEX: ~(require|include)(_once)?\(([^)]+)~
LINE: 41

FILE: system/engine/loader.php
REGEX: ~(require|include)(_once)?\(([^)]+)~
LINE: 49
LINE: 108
LINE: 120
LINE: 165

FILE: system/library/config.php
REGEX: ~(require|include)(_once)?\(([^)]+)~
LINE: 23

FILE: system/library/language.php
REGEX: ~(require|include)(_once)?\(([^)]+)~
LINE: 38
LINE: 40
LINE: 49
LINE: 51
LINE: 60
LINE: 62

FILE: system/library/template/php.php
REGEX: ~(require|include)(_once)?\(([^)]+)~
LINE: 18

FILE: system/library/template/tiwg.php
REGEX: ~(require|include)(_once)?\(([^)]+)~
LINE: 24
----------------------------------------------------------------
2020-07-14 21:40:22 - MOD: Modification Default

FILE: system/engine/action.php
REGEX: ~(require|include)(_once)?\(([^)]+)~
LINE: 41

FILE: system/engine/loader.php
REGEX: ~(require|include)(_once)?\(([^)]+)~
LINE: 49
LINE: 108
LINE: 120
LINE: 165

FILE: system/library/config.php
REGEX: ~(require|include)(_once)?\(([^)]+)~
LINE: 23

FILE: system/library/language.php
REGEX: ~(require|include)(_once)?\(([^)]+)~
LINE: 38
LINE: 40
LINE: 49
LINE: 51
LINE: 60
LINE: 62

FILE: system/library/template/php.php
REGEX: ~(require|include)(_once)?\(([^)]+)~
LINE: 18

FILE: system/library/template/tiwg.php
REGEX: ~(require|include)(_once)?\(([^)]+)~
LINE: 24
----------------------------------------------------------------
MOD: Export/Import Tool (V3.10) for Ocstore 2.x

FILE: admin/controller/common/column_left.php
CODE: if ($this->user->hasPermission('access', 'tool/log')) {
LINE: 635

FILE: admin/language/en-gb/common/column_left.php
CODE: $_['text_backup']
LINE: 9

FILE: admin/language/ru-ru/common/column_left.php
CODE: $_['text_backup']
LINE: 9
----------------------------------------------------------------
MOD: Export/Import Tool (V3.22) for OpenCart 2.x
CODE: if ($this->user->hasPermission('access', 'tool/log')) {
LINE: 644
CODE: $_['text_backup']
LINE: 9
CODE: $_['text_backup']
LINE: 9
----------------------------------------------------------------
2020-07-14 21:40:22 - MOD: Modification Default

FILE: system/engine/action.php
REGEX: ~(require|include)(_once)?\(([^)]+)~
LINE: 41

FILE: system/engine/loader.php
REGEX: ~(require|include)(_once)?\(([^)]+)~
LINE: 49
LINE: 108
LINE: 120
LINE: 165

FILE: system/library/config.php
REGEX: ~(require|include)(_once)?\(([^)]+)~
LINE: 23

FILE: system/library/language.php
REGEX: ~(require|include)(_once)?\(([^)]+)~
LINE: 38
LINE: 40
LINE: 49
LINE: 51
LINE: 60
LINE: 62

FILE: system/library/template/php.php
REGEX: ~(require|include)(_once)?\(([^)]+)~
LINE: 18

FILE: system/library/template/tiwg.php
REGEX: ~(require|include)(_once)?\(([^)]+)~
LINE: 24
----------------------------------------------------------------
MOD: Export/Import Tool (V3.10) for Ocstore 2.x

FILE: admin/controller/common/column_left.php
CODE: if ($this->user->hasPermission('access', 'tool/log')) {
LINE: 635

FILE: admin/language/en-gb/common/column_left.php
CODE: $_['text_backup']
LINE: 9

FILE: admin/language/ru-ru/common/column_left.php
CODE: $_['text_backup']
LINE: 9
----------------------------------------------------------------
MOD: Export/Import Tool (V3.22) for OpenCart 2.x
CODE: if ($this->user->hasPermission('access', 'tool/log')) {
LINE: 644
CODE: $_['text_backup']
LINE: 9
CODE: $_['text_backup']
LINE: 9
----------------------------------------------------------------
2020-08-20 21:55:24 - MOD: Modification Default

FILE: system/engine/action.php
REGEX: ~(require|include)(_once)?\(([^)]+)~
LINE: 41

FILE: system/engine/loader.php
REGEX: ~(require|include)(_once)?\(([^)]+)~
LINE: 49
LINE: 108
LINE: 120
LINE: 165

FILE: system/library/config.php
REGEX: ~(require|include)(_once)?\(([^)]+)~
LINE: 23

FILE: system/library/language.php
REGEX: ~(require|include)(_once)?\(([^)]+)~
LINE: 38
LINE: 40
LINE: 49
LINE: 51
LINE: 60
LINE: 62

FILE: system/library/template/php.php
REGEX: ~(require|include)(_once)?\(([^)]+)~
LINE: 18

FILE: system/library/template/tiwg.php
REGEX: ~(require|include)(_once)?\(([^)]+)~
LINE: 24
----------------------------------------------------------------
MOD: Simplica Theme

FILE: catalog/view/theme/simplica/template/common/cart.tpl
CODE: <div id="cart" class="btn-group btn-block">
LINE: 0

FILE: catalog/controller/extension/module/carousel.php
CODE: $this->document->addStyle('catalog/view/javascript/jquery/owl-carousel/owl.carousel.css');
LINE: 8

FILE: catalog/controller/extension/module/banner.php
CODE: $this->document->addStyle('catalog/view/javascript/jquery/owl-carousel/owl.carousel.css');
LINE: 8

FILE: catalog/controller/extension/module/slideshow.php
CODE: $this->document->addStyle('catalog/view/javascript/jquery/owl-carousel/owl.carousel.css');
LINE: 8

FILE: catalog/view/theme/default/template/common/footer.tpl
CODE: <p class="pull-left"><?php echo $powered; ?></p>
NOT FOUND - OPERATIONS ABORTED!

FILE: catalog/view/theme/simplica/template/common/footer.tpl
CODE: <p class="pull-left"><?php echo $powered; ?></p>
LINE: 42
----------------------------------------------------------------
MOD: Universal Import Export Pro

FILE: admin/view/template/common/header.tpl
CODE: <li><a href="<?php echo $feed; ?>">
NOT FOUND - OPERATION SKIPPED!

FILE: admin/model/customer/customer.php
CODE: $this->db->query("INSERT INTO " . DB_PREFIX . "customer SET
LINE: 3

FILE: admin/model/catalog/category.php
CODE: $this->db->query("INSERT INTO " . DB_PREFIX . "category SET
LINE: 3

FILE: admin/controller/catalog/product.php
CODE: protected function getList() {
LINE: 244
CODE: $url .= '&filter_name='
LINE: 34
LINE: 91
LINE: 150
LINE: 209
LINE: 327
LINE: 490
LINE: 538
LINE: 748
CODE: 'filter_name'	  => $filter_name,
LINE: 382

FILE: admin/view/template/catalog/product_list.tpl
CODE: <button type="button" id="button-filter" class="btn btn-primary pull-right"><i class="fa
LINE: 98
CODE: var filter_name = $('input[name=\'filter_name\']').val();
LINE: 196

FILE: admin/model/catalog/product.php
CODE: $this->db->query("INSERT INTO " . DB_PREFIX . "product_filter SET
LINE: 98
LINE: 253
CODE: $this->db->query("INSERT INTO " . DB_PREFIX . "product SET
LINE: 3
CODE: $this->db->query("UPDATE " . DB_PREFIX . "product SET model = '" . $this->db->escape($data['model']) . "',
LINE: 161
CODE: $this->db->query("INSERT INTO " . DB_PREFIX . "product_description SET
LINE: 32
LINE: 186
CODE: SET product_option_id = '" . (int)$product_option['product_option_id'] . "',
LINE: 247
LINE: 260
CODE: product_option_id = '" . (int)$product_option['product_option_id'] . "',
LINE: 247
LINE: 260
CODE: product_option_value_id = '" . (int)$product_option_value['product_option_value_id'] . "',
LINE: 252
CODE: if (!empty($data['filter_name'])) {
LINE: 442
LINE: 721
CODE: $this->db->escape(sha1($salt . sha1($salt . sha1($data['password']))))
LINE: 11
LINE: 38
CODE: $this->db->escape($salt = token(9))
LINE: 11
LINE: 38

FILE: admin/controller/common/column_left.php
CODE: if ($this->user->hasPermission('access', 'extension/event')) {
LINE: 207

FILE: admin/controller/extension/extension/module.php
CODE: $data['extensions'][] = array(
LINE: 174
----------------------------------------------------------------
MOD: Export/Import Tool (V3.10) for Ocstore 2.x
CODE: if ($this->user->hasPermission('access', 'tool/log')) {
LINE: 652

FILE: admin/language/en-gb/common/column_left.php
CODE: $_['text_backup']
LINE: 9

FILE: admin/language/ru-ru/common/column_left.php
CODE: $_['text_backup']
LINE: 9
----------------------------------------------------------------
MOD: Export/Import Tool (V3.22) for OpenCart 2.x
CODE: if ($this->user->hasPermission('access', 'tool/log')) {
LINE: 661
CODE: $_['text_backup']
LINE: 9
CODE: $_['text_backup']
LINE: 9
----------------------------------------------------------------
2020-08-20 21:57:49 - MOD: Modification Default

FILE: system/engine/action.php
REGEX: ~(require|include)(_once)?\(([^)]+)~
LINE: 41

FILE: system/engine/loader.php
REGEX: ~(require|include)(_once)?\(([^)]+)~
LINE: 49
LINE: 108
LINE: 120
LINE: 165

FILE: system/library/config.php
REGEX: ~(require|include)(_once)?\(([^)]+)~
LINE: 23

FILE: system/library/language.php
REGEX: ~(require|include)(_once)?\(([^)]+)~
LINE: 38
LINE: 40
LINE: 49
LINE: 51
LINE: 60
LINE: 62

FILE: system/library/template/php.php
REGEX: ~(require|include)(_once)?\(([^)]+)~
LINE: 18

FILE: system/library/template/tiwg.php
REGEX: ~(require|include)(_once)?\(([^)]+)~
LINE: 24
----------------------------------------------------------------
MOD: Simplica Theme

FILE: catalog/view/theme/simplica/template/common/cart.tpl
CODE: <div id="cart" class="btn-group btn-block">
LINE: 0

FILE: catalog/controller/extension/module/carousel.php
CODE: $this->document->addStyle('catalog/view/javascript/jquery/owl-carousel/owl.carousel.css');
LINE: 8

FILE: catalog/controller/extension/module/banner.php
CODE: $this->document->addStyle('catalog/view/javascript/jquery/owl-carousel/owl.carousel.css');
LINE: 8

FILE: catalog/controller/extension/module/slideshow.php
CODE: $this->document->addStyle('catalog/view/javascript/jquery/owl-carousel/owl.carousel.css');
LINE: 8

FILE: catalog/view/theme/default/template/common/footer.tpl
CODE: <p class="pull-left"><?php echo $powered; ?></p>
NOT FOUND - OPERATIONS ABORTED!

FILE: catalog/view/theme/simplica/template/common/footer.tpl
CODE: <p class="pull-left"><?php echo $powered; ?></p>
LINE: 42
----------------------------------------------------------------
MOD: Universal Import Export Pro

FILE: admin/view/template/common/header.tpl
CODE: <li><a href="<?php echo $feed; ?>">
NOT FOUND - OPERATION SKIPPED!

FILE: admin/model/customer/customer.php
CODE: $this->db->query("INSERT INTO " . DB_PREFIX . "customer SET
LINE: 3

FILE: admin/model/catalog/category.php
CODE: $this->db->query("INSERT INTO " . DB_PREFIX . "category SET
LINE: 3

FILE: admin/controller/catalog/product.php
CODE: protected function getList() {
LINE: 244
CODE: $url .= '&filter_name='
LINE: 34
LINE: 91
LINE: 150
LINE: 209
LINE: 327
LINE: 490
LINE: 538
LINE: 748
CODE: 'filter_name'	  => $filter_name,
LINE: 382

FILE: admin/view/template/catalog/product_list.tpl
CODE: <button type="button" id="button-filter" class="btn btn-primary pull-right"><i class="fa
LINE: 98
CODE: var filter_name = $('input[name=\'filter_name\']').val();
LINE: 196

FILE: admin/model/catalog/product.php
CODE: $this->db->query("INSERT INTO " . DB_PREFIX . "product_filter SET
LINE: 98
LINE: 253
CODE: $this->db->query("INSERT INTO " . DB_PREFIX . "product SET
LINE: 3
CODE: $this->db->query("UPDATE " . DB_PREFIX . "product SET model = '" . $this->db->escape($data['model']) . "',
LINE: 161
CODE: $this->db->query("INSERT INTO " . DB_PREFIX . "product_description SET
LINE: 32
LINE: 186
CODE: SET product_option_id = '" . (int)$product_option['product_option_id'] . "',
LINE: 247
LINE: 260
CODE: product_option_id = '" . (int)$product_option['product_option_id'] . "',
LINE: 247
LINE: 260
CODE: product_option_value_id = '" . (int)$product_option_value['product_option_value_id'] . "',
LINE: 252
CODE: if (!empty($data['filter_name'])) {
LINE: 442
LINE: 721
CODE: $this->db->escape(sha1($salt . sha1($salt . sha1($data['password']))))
LINE: 11
LINE: 38
CODE: $this->db->escape($salt = token(9))
LINE: 11
LINE: 38

FILE: admin/controller/common/column_left.php
CODE: if ($this->user->hasPermission('access', 'extension/event')) {
LINE: 207

FILE: admin/controller/extension/extension/module.php
CODE: $data['extensions'][] = array(
LINE: 174
----------------------------------------------------------------
MOD: Export/Import Tool (V3.10) for Ocstore 2.x
CODE: if ($this->user->hasPermission('access', 'tool/log')) {
LINE: 652

FILE: admin/language/en-gb/common/column_left.php
CODE: $_['text_backup']
LINE: 9

FILE: admin/language/ru-ru/common/column_left.php
CODE: $_['text_backup']
LINE: 9
----------------------------------------------------------------
MOD: Export/Import Tool (V3.22) for OpenCart 2.x
CODE: if ($this->user->hasPermission('access', 'tool/log')) {
LINE: 661
CODE: $_['text_backup']
LINE: 9
CODE: $_['text_backup']
LINE: 9
----------------------------------------------------------------
2020-08-30 17:22:25 - MOD: Modification Default

FILE: system/engine/action.php
REGEX: ~(require|include)(_once)?\(([^)]+)~
LINE: 41

FILE: system/engine/loader.php
REGEX: ~(require|include)(_once)?\(([^)]+)~
LINE: 49
LINE: 108
LINE: 120
LINE: 165

FILE: system/library/config.php
REGEX: ~(require|include)(_once)?\(([^)]+)~
LINE: 23

FILE: system/library/language.php
REGEX: ~(require|include)(_once)?\(([^)]+)~
LINE: 38
LINE: 40
LINE: 49
LINE: 51
LINE: 60
LINE: 62

FILE: system/library/template/php.php
REGEX: ~(require|include)(_once)?\(([^)]+)~
LINE: 18

FILE: system/library/template/tiwg.php
REGEX: ~(require|include)(_once)?\(([^)]+)~
LINE: 24
----------------------------------------------------------------
MOD: Simplica Theme

FILE: catalog/view/theme/simplica/template/common/cart.tpl
CODE: <div id="cart" class="btn-group btn-block">
LINE: 0

FILE: catalog/controller/extension/module/carousel.php
CODE: $this->document->addStyle('catalog/view/javascript/jquery/owl-carousel/owl.carousel.css');
LINE: 8

FILE: catalog/controller/extension/module/banner.php
CODE: $this->document->addStyle('catalog/view/javascript/jquery/owl-carousel/owl.carousel.css');
LINE: 8

FILE: catalog/controller/extension/module/slideshow.php
CODE: $this->document->addStyle('catalog/view/javascript/jquery/owl-carousel/owl.carousel.css');
LINE: 8

FILE: catalog/view/theme/default/template/common/footer.tpl
CODE: <p class="pull-left"><?php echo $powered; ?></p>
NOT FOUND - OPERATIONS ABORTED!

FILE: catalog/view/theme/simplica/template/common/footer.tpl
CODE: <p class="pull-left"><?php echo $powered; ?></p>
LINE: 42
----------------------------------------------------------------
MOD: Universal Import Export Pro

FILE: admin/view/template/common/header.tpl
CODE: <li><a href="<?php echo $feed; ?>">
NOT FOUND - OPERATION SKIPPED!

FILE: admin/model/customer/customer.php
CODE: $this->db->query("INSERT INTO " . DB_PREFIX . "customer SET
LINE: 3

FILE: admin/model/catalog/category.php
CODE: $this->db->query("INSERT INTO " . DB_PREFIX . "category SET
LINE: 3

FILE: admin/controller/catalog/product.php
CODE: protected function getList() {
LINE: 244
CODE: $url .= '&filter_name='
LINE: 34
LINE: 91
LINE: 150
LINE: 209
LINE: 327
LINE: 490
LINE: 538
LINE: 748
CODE: 'filter_name'	  => $filter_name,
LINE: 382

FILE: admin/view/template/catalog/product_list.tpl
CODE: <button type="button" id="button-filter" class="btn btn-primary pull-right"><i class="fa
LINE: 98
CODE: var filter_name = $('input[name=\'filter_name\']').val();
LINE: 196

FILE: admin/model/catalog/product.php
CODE: $this->db->query("INSERT INTO " . DB_PREFIX . "product_filter SET
LINE: 98
LINE: 253
CODE: $this->db->query("INSERT INTO " . DB_PREFIX . "product SET
LINE: 3
CODE: $this->db->query("UPDATE " . DB_PREFIX . "product SET model = '" . $this->db->escape($data['model']) . "',
LINE: 161
CODE: $this->db->query("INSERT INTO " . DB_PREFIX . "product_description SET
LINE: 32
LINE: 186
CODE: SET product_option_id = '" . (int)$product_option['product_option_id'] . "',
LINE: 247
LINE: 260
CODE: product_option_id = '" . (int)$product_option['product_option_id'] . "',
LINE: 247
LINE: 260
CODE: product_option_value_id = '" . (int)$product_option_value['product_option_value_id'] . "',
LINE: 252
CODE: if (!empty($data['filter_name'])) {
LINE: 442
LINE: 721
CODE: $this->db->escape(sha1($salt . sha1($salt . sha1($data['password']))))
LINE: 11
LINE: 38
CODE: $this->db->escape($salt = token(9))
LINE: 11
LINE: 38

FILE: admin/controller/common/column_left.php
CODE: if ($this->user->hasPermission('access', 'extension/event')) {
LINE: 207

FILE: admin/controller/extension/extension/module.php
CODE: $data['extensions'][] = array(
LINE: 174
----------------------------------------------------------------
MOD: Export/Import Tool (V3.10) for Ocstore 2.x
CODE: if ($this->user->hasPermission('access', 'tool/log')) {
LINE: 652

FILE: admin/language/en-gb/common/column_left.php
CODE: $_['text_backup']
LINE: 9

FILE: admin/language/ru-ru/common/column_left.php
CODE: $_['text_backup']
LINE: 9
----------------------------------------------------------------
MOD: Export/Import Tool (V3.22) for OpenCart 2.x
CODE: if ($this->user->hasPermission('access', 'tool/log')) {
LINE: 661
CODE: $_['text_backup']
LINE: 9
CODE: $_['text_backup']
LINE: 9
----------------------------------------------------------------
2020-09-27 20:19:23 - MOD: Modification Default

FILE: system/engine/action.php
REGEX: ~(require|include)(_once)?\(([^)]+)~
LINE: 41

FILE: system/engine/loader.php
REGEX: ~(require|include)(_once)?\(([^)]+)~
LINE: 49
LINE: 108
LINE: 120
LINE: 165

FILE: system/library/config.php
REGEX: ~(require|include)(_once)?\(([^)]+)~
LINE: 23

FILE: system/library/language.php
REGEX: ~(require|include)(_once)?\(([^)]+)~
LINE: 38
LINE: 40
LINE: 49
LINE: 51
LINE: 60
LINE: 62

FILE: system/library/template/php.php
REGEX: ~(require|include)(_once)?\(([^)]+)~
LINE: 18

FILE: system/library/template/tiwg.php
REGEX: ~(require|include)(_once)?\(([^)]+)~
LINE: 24
----------------------------------------------------------------
MOD: Simplica Theme

FILE: catalog/view/theme/simplica/template/common/cart.tpl
CODE: <div id="cart" class="btn-group btn-block">
LINE: 0

FILE: catalog/controller/extension/module/carousel.php
CODE: $this->document->addStyle('catalog/view/javascript/jquery/owl-carousel/owl.carousel.css');
LINE: 8

FILE: catalog/controller/extension/module/banner.php
CODE: $this->document->addStyle('catalog/view/javascript/jquery/owl-carousel/owl.carousel.css');
LINE: 8

FILE: catalog/controller/extension/module/slideshow.php
CODE: $this->document->addStyle('catalog/view/javascript/jquery/owl-carousel/owl.carousel.css');
LINE: 8

FILE: catalog/view/theme/default/template/common/footer.tpl
CODE: <p class="pull-left"><?php echo $powered; ?></p>
NOT FOUND - OPERATIONS ABORTED!

FILE: catalog/view/theme/simplica/template/common/footer.tpl
CODE: <p class="pull-left"><?php echo $powered; ?></p>
LINE: 42
----------------------------------------------------------------
MOD: Universal Import Export Pro

FILE: admin/view/template/common/header.tpl
CODE: <li><a href="<?php echo $feed; ?>">
NOT FOUND - OPERATION SKIPPED!

FILE: admin/model/customer/customer.php
CODE: $this->db->query("INSERT INTO " . DB_PREFIX . "customer SET
LINE: 3

FILE: admin/model/catalog/category.php
CODE: $this->db->query("INSERT INTO " . DB_PREFIX . "category SET
LINE: 3

FILE: admin/controller/catalog/product.php
CODE: protected function getList() {
LINE: 244
CODE: $url .= '&filter_name='
LINE: 34
LINE: 91
LINE: 150
LINE: 209
LINE: 327
LINE: 490
LINE: 538
LINE: 748
CODE: 'filter_name'	  => $filter_name,
LINE: 382

FILE: admin/view/template/catalog/product_list.tpl
CODE: <button type="button" id="button-filter" class="btn btn-primary pull-right"><i class="fa
LINE: 98
CODE: var filter_name = $('input[name=\'filter_name\']').val();
LINE: 196

FILE: admin/model/catalog/product.php
CODE: $this->db->query("INSERT INTO " . DB_PREFIX . "product_filter SET
LINE: 98
LINE: 253
CODE: $this->db->query("INSERT INTO " . DB_PREFIX . "product SET
LINE: 3
CODE: $this->db->query("UPDATE " . DB_PREFIX . "product SET model = '" . $this->db->escape($data['model']) . "',
LINE: 161
CODE: $this->db->query("INSERT INTO " . DB_PREFIX . "product_description SET
LINE: 32
LINE: 186
CODE: SET product_option_id = '" . (int)$product_option['product_option_id'] . "',
LINE: 247
LINE: 260
CODE: product_option_id = '" . (int)$product_option['product_option_id'] . "',
LINE: 247
LINE: 260
CODE: product_option_value_id = '" . (int)$product_option_value['product_option_value_id'] . "',
LINE: 252
CODE: if (!empty($data['filter_name'])) {
LINE: 442
LINE: 721
CODE: $this->db->escape(sha1($salt . sha1($salt . sha1($data['password']))))
LINE: 11
LINE: 38
CODE: $this->db->escape($salt = token(9))
LINE: 11
LINE: 38

FILE: admin/controller/common/column_left.php
CODE: if ($this->user->hasPermission('access', 'extension/event')) {
LINE: 207

FILE: admin/controller/extension/extension/module.php
CODE: $data['extensions'][] = array(
LINE: 174
----------------------------------------------------------------
MOD: Export/Import Tool (V3.10) for Ocstore 2.x
CODE: if ($this->user->hasPermission('access', 'tool/log')) {
LINE: 652

FILE: admin/language/en-gb/common/column_left.php
CODE: $_['text_backup']
LINE: 9

FILE: admin/language/ru-ru/common/column_left.php
CODE: $_['text_backup']
LINE: 9
----------------------------------------------------------------
MOD: Export/Import Tool (V3.22) for OpenCart 2.x
CODE: if ($this->user->hasPermission('access', 'tool/log')) {
LINE: 661
CODE: $_['text_backup']
LINE: 9
CODE: $_['text_backup']
LINE: 9
----------------------------------------------------------------
